c:\users\kym2-04\documents\visual studio 2017\projects\basic\chapter09\debug\vc141.pdb
c:\users\kym2-04\documents\visual studio 2017\projects\basic\chapter09\debug\vc141.idb
c:\users\kym2-04\documents\visual studio 2017\projects\basic\chapter09\debug\01_printoutput.obj
c:\users\kym2-04\documents\visual studio 2017\projects\basic\chapter09\debug\02_simpleaddfunc.obj
c:\users\kym2-04\documents\visual studio 2017\projects\basic\chapter09\debug\03_smartaddfunc.obj
c:\users\kym2-04\documents\visual studio 2017\projects\basic\chapter09\debug\04_numcampare.obj
c:\users\kym2-04\documents\visual studio 2017\projects\basic\chapter09\debug\05_absocampare.obj
c:\users\kym2-04\documents\visual studio 2017\projects\basic\chapter09\debug\06_localvariable.obj
c:\users\kym2-04\documents\visual studio 2017\projects\basic\chapter09\debug\07_anotherlocalval.obj
c:\users\kym2-04\documents\visual studio 2017\projects\basic\chapter09\debug\08_localvariable.obj
c:\users\kym2-04\documents\visual studio 2017\projects\basic\chapter09\debug\09_globalvariable.obj
c:\users\kym2-04\documents\visual studio 2017\projects\basic\chapter09\debug\10_localvalhideglobalv.obj
c:\users\kym2-04\documents\visual studio 2017\projects\basic\chapter09\debug\11_staticlocalvariable.obj
c:\users\kym2-04\documents\visual studio 2017\projects\basic\chapter09\debug\12_recursivefunc.obj
c:\users\kym2-04\documents\visual studio 2017\projects\basic\chapter09\debug\13_factorial.obj
c:\users\kym2-04\documents\visual studio 2017\projects\basic\chapter09\debug\hw.obj
c:\users\kym2-04\documents\visual studio 2017\projects\basic\chapter09\debug\c9quiz.obj
c:\users\kym2-04\documents\visual studio 2017\projects\basic\chapter09\debug\practice.obj
c:\users\kym2-04\documents\visual studio 2017\projects\basic\chapter09\debug\ascii.obj
c:\users\kym2-04\documents\visual studio 2017\projects\basic\debug\chapter09.ilk
c:\users\kym2-04\documents\visual studio 2017\projects\basic\debug\chapter09.exe
c:\users\kym2-04\documents\visual studio 2017\projects\basic\debug\chapter09.pdb
c:\users\kym2-04\documents\visual studio 2017\projects\basic\chapter09\debug\chapter09.tlog\cl.command.1.tlog
c:\users\kym2-04\documents\visual studio 2017\projects\basic\chapter09\debug\chapter09.tlog\cl.read.1.tlog
c:\users\kym2-04\documents\visual studio 2017\projects\basic\chapter09\debug\chapter09.tlog\cl.write.1.tlog
c:\users\kym2-04\documents\visual studio 2017\projects\basic\chapter09\debug\chapter09.tlog\link.command.1.tlog
c:\users\kym2-04\documents\visual studio 2017\projects\basic\chapter09\debug\chapter09.tlog\link.read.1.tlog
c:\users\kym2-04\documents\visual studio 2017\projects\basic\chapter09\debug\chapter09.tlog\link.write.1.tlog
