  C16Quiz.c
c:\users\kym2-04\documents\visual studio 2017\projects\basic\chapter16\c16quiz.c(90): warning C4474: 'printf' : 서식 문자열에 전달된 인수가 너무 많습니다.
  c:\users\kym2-04\documents\visual studio 2017\projects\basic\chapter16\c16quiz.c(90): note: 자리 표시자 및 해당 매개 변수에는 variadic 인수가 0개 필요하지만 2개가 제공되었습니다.
c:\users\kym2-04\documents\visual studio 2017\projects\basic\chapter16\c16quiz.c(91): warning C4996: 'scanf': This function or variable may be unsafe. Consider using scanf_s instead. To disable deprecation, use _CRT_SECURE_NO_WARNINGS. See online help for details.
  c:\program files (x86)\windows kits\10\include\10.0.14393.0\ucrt\stdio.h(1269): note: 'scanf' 선언을 참조하십시오.
c:\users\kym2-04\documents\visual studio 2017\projects\basic\chapter16\c16quiz.c(100): warning C4474: 'printf' : 서식 문자열에 전달된 인수가 너무 많습니다.
  c:\users\kym2-04\documents\visual studio 2017\projects\basic\chapter16\c16quiz.c(100): note: 자리 표시자 및 해당 매개 변수에는 variadic 인수가 0개 필요하지만 2개가 제공되었습니다.
c:\users\kym2-04\documents\visual studio 2017\projects\basic\chapter16\c16quiz.c(101): warning C4996: 'scanf': This function or variable may be unsafe. Consider using scanf_s instead. To disable deprecation, use _CRT_SECURE_NO_WARNINGS. See online help for details.
  c:\program files (x86)\windows kits\10\include\10.0.14393.0\ucrt\stdio.h(1269): note: 'scanf' 선언을 참조하십시오.
c:\users\kym2-04\documents\visual studio 2017\projects\basic\chapter16\c16quiz.c(110): warning C4474: 'printf' : 서식 문자열에 전달된 인수가 너무 많습니다.
  c:\users\kym2-04\documents\visual studio 2017\projects\basic\chapter16\c16quiz.c(110): note: 자리 표시자 및 해당 매개 변수에는 variadic 인수가 0개 필요하지만 2개가 제공되었습니다.
c:\users\kym2-04\documents\visual studio 2017\projects\basic\chapter16\c16quiz.c(111): warning C4996: 'scanf': This function or variable may be unsafe. Consider using scanf_s instead. To disable deprecation, use _CRT_SECURE_NO_WARNINGS. See online help for details.
  c:\program files (x86)\windows kits\10\include\10.0.14393.0\ucrt\stdio.h(1269): note: 'scanf' 선언을 참조하십시오.
c:\users\kym2-04\documents\visual studio 2017\projects\basic\chapter16\c16quiz.c(120): warning C4474: 'printf' : 서식 문자열에 전달된 인수가 너무 많습니다.
  c:\users\kym2-04\documents\visual studio 2017\projects\basic\chapter16\c16quiz.c(120): note: 자리 표시자 및 해당 매개 변수에는 variadic 인수가 0개 필요하지만 2개가 제공되었습니다.
c:\users\kym2-04\documents\visual studio 2017\projects\basic\chapter16\c16quiz.c(121): warning C4996: 'scanf': This function or variable may be unsafe. Consider using scanf_s instead. To disable deprecation, use _CRT_SECURE_NO_WARNINGS. See online help for details.
  c:\program files (x86)\windows kits\10\include\10.0.14393.0\ucrt\stdio.h(1269): note: 'scanf' 선언을 참조하십시오.
c:\users\kym2-04\documents\visual studio 2017\projects\basic\chapter16\c16quiz.c(78): warning C4101: 'Sum4' :참조되지 않은 지역 변수입니다.
c:\users\kym2-04\documents\visual studio 2017\projects\basic\chapter16\c16quiz.c(78): warning C4101: 'Sum2' :참조되지 않은 지역 변수입니다.
c:\users\kym2-04\documents\visual studio 2017\projects\basic\chapter16\c16quiz.c(78): warning C4101: 'Sum3' :참조되지 않은 지역 변수입니다.
c:\users\kym2-04\documents\visual studio 2017\projects\basic\chapter16\c16quiz.c(63): warning C4716: 'main16_2': 값을 반환해야 합니다.
  Chapter16.vcxproj -> C:\Users\KYM2-04\Documents\Visual Studio 2017\Projects\Basic\Debug\Chapter16.exe
  Chapter16.vcxproj -> C:\Users\KYM2-04\Documents\Visual Studio 2017\Projects\Basic\Debug\Chapter16.pdb (Partial PDB)
