  퀴즈.c
c:\users\kym2-04\documents\visual studio 2017\projects\basic\chapter07\퀴즈.c(13): warning C4996: 'scanf': This function or variable may be unsafe. Consider using scanf_s instead. To disable deprecation, use _CRT_SECURE_NO_WARNINGS. See online help for details.
  c:\program files (x86)\windows kits\10\include\10.0.14393.0\ucrt\stdio.h(1269): note: 'scanf' 선언을 참조하십시오.
c:\users\kym2-04\documents\visual studio 2017\projects\basic\chapter07\퀴즈.c(34): warning C4996: 'scanf': This function or variable may be unsafe. Consider using scanf_s instead. To disable deprecation, use _CRT_SECURE_NO_WARNINGS. See online help for details.
  c:\program files (x86)\windows kits\10\include\10.0.14393.0\ucrt\stdio.h(1269): note: 'scanf' 선언을 참조하십시오.
c:\users\kym2-04\documents\visual studio 2017\projects\basic\chapter07\퀴즈.c(40): warning C4996: 'scanf': This function or variable may be unsafe. Consider using scanf_s instead. To disable deprecation, use _CRT_SECURE_NO_WARNINGS. See online help for details.
  c:\program files (x86)\windows kits\10\include\10.0.14393.0\ucrt\stdio.h(1269): note: 'scanf' 선언을 참조하십시오.
c:\users\kym2-04\documents\visual studio 2017\projects\basic\chapter07\퀴즈.c(58): warning C4996: 'scanf': This function or variable may be unsafe. Consider using scanf_s instead. To disable deprecation, use _CRT_SECURE_NO_WARNINGS. See online help for details.
  c:\program files (x86)\windows kits\10\include\10.0.14393.0\ucrt\stdio.h(1269): note: 'scanf' 선언을 참조하십시오.
c:\users\kym2-04\documents\visual studio 2017\projects\basic\chapter07\퀴즈.c(79): warning C4996: 'scanf': This function or variable may be unsafe. Consider using scanf_s instead. To disable deprecation, use _CRT_SECURE_NO_WARNINGS. See online help for details.
  c:\program files (x86)\windows kits\10\include\10.0.14393.0\ucrt\stdio.h(1269): note: 'scanf' 선언을 참조하십시오.
  07_TwoToNineForVer.c
  06_RealMean.c
c:\users\kym2-04\documents\visual studio 2017\projects\basic\chapter07\06_realmean.c(13): warning C4996: 'scanf': This function or variable may be unsafe. Consider using scanf_s instead. To disable deprecation, use _CRT_SECURE_NO_WARNINGS. See online help for details.
  c:\program files (x86)\windows kits\10\include\10.0.14393.0\ucrt\stdio.h(1269): note: 'scanf' 선언을 참조하십시오.
  05_AddToNum.c
c:\users\kym2-04\documents\visual studio 2017\projects\basic\chapter07\05_addtonum.c(8): warning C4996: 'scanf': This function or variable may be unsafe. Consider using scanf_s instead. To disable deprecation, use _CRT_SECURE_NO_WARNINGS. See online help for details.
  c:\program files (x86)\windows kits\10\include\10.0.14393.0\ucrt\stdio.h(1269): note: 'scanf' 선언을 참조하십시오.
  04_UsefulDoWhile.c
c:\users\kym2-04\documents\visual studio 2017\projects\basic\chapter07\04_usefuldowhile.c(9): warning C4996: 'scanf': This function or variable may be unsafe. Consider using scanf_s instead. To disable deprecation, use _CRT_SECURE_NO_WARNINGS. See online help for details.
  c:\program files (x86)\windows kits\10\include\10.0.14393.0\ucrt\stdio.h(1269): note: 'scanf' 선언을 참조하십시오.
  03_TwoTwoNine.c
  02_NineNineDanDoWhile.c
  02_NineNineDan.c
c:\users\kym2-04\documents\visual studio 2017\projects\basic\chapter07\02_nineninedan.c(7): warning C4996: 'scanf': This function or variable may be unsafe. Consider using scanf_s instead. To disable deprecation, use _CRT_SECURE_NO_WARNINGS. See online help for details.
  c:\program files (x86)\windows kits\10\include\10.0.14393.0\ucrt\stdio.h(1269): note: 'scanf' 선언을 참조하십시오.
  01_SimpleWhile.c
  코드를 생성하고 있습니다...
MSVCRTD.lib(exe_main.obj) : error LNK2019: _main 외부 기호(참조 위치: "int __cdecl invoke_main(void)" (?invoke_main@@YAHXZ) 함수)에서 확인하지 못했습니다.
C:\Users\KYM2-04\Documents\Visual Studio 2017\Projects\Basic\Debug\Chapter07.exe : fatal error LNK1120: 1개의 확인할 수 없는 외부 참조입니다.
