  Practice.c
c:\users\kym2-04\documents\visual studio 2017\projects\basic\chapter09\practice.c(22): warning C4996: 'scanf': This function or variable may be unsafe. Consider using scanf_s instead. To disable deprecation, use _CRT_SECURE_NO_WARNINGS. See online help for details.
  c:\program files (x86)\windows kits\10\include\10.0.14393.0\ucrt\stdio.h(1269): note: 'scanf' 선언을 참조하십시오.
c:\users\kym2-04\documents\visual studio 2017\projects\basic\chapter09\practice.c(46): warning C4996: 'scanf': This function or variable may be unsafe. Consider using scanf_s instead. To disable deprecation, use _CRT_SECURE_NO_WARNINGS. See online help for details.
  c:\program files (x86)\windows kits\10\include\10.0.14393.0\ucrt\stdio.h(1269): note: 'scanf' 선언을 참조하십시오.
c:\users\kym2-04\documents\visual studio 2017\projects\basic\chapter09\practice.c(69): warning C4996: 'scanf': This function or variable may be unsafe. Consider using scanf_s instead. To disable deprecation, use _CRT_SECURE_NO_WARNINGS. See online help for details.
  c:\program files (x86)\windows kits\10\include\10.0.14393.0\ucrt\stdio.h(1269): note: 'scanf' 선언을 참조하십시오.
c:\users\kym2-04\documents\visual studio 2017\projects\basic\chapter09\practice.c(92): warning C4996: 'scanf': This function or variable may be unsafe. Consider using scanf_s instead. To disable deprecation, use _CRT_SECURE_NO_WARNINGS. See online help for details.
  c:\program files (x86)\windows kits\10\include\10.0.14393.0\ucrt\stdio.h(1269): note: 'scanf' 선언을 참조하십시오.
c:\users\kym2-04\documents\visual studio 2017\projects\basic\chapter09\practice.c(115): warning C4996: 'scanf': This function or variable may be unsafe. Consider using scanf_s instead. To disable deprecation, use _CRT_SECURE_NO_WARNINGS. See online help for details.
  c:\program files (x86)\windows kits\10\include\10.0.14393.0\ucrt\stdio.h(1269): note: 'scanf' 선언을 참조하십시오.
c:\users\kym2-04\documents\visual studio 2017\projects\basic\chapter09\practice.c(138): warning C4996: 'scanf': This function or variable may be unsafe. Consider using scanf_s instead. To disable deprecation, use _CRT_SECURE_NO_WARNINGS. See online help for details.
  c:\program files (x86)\windows kits\10\include\10.0.14393.0\ucrt\stdio.h(1269): note: 'scanf' 선언을 참조하십시오.
  C9Quiz.c
c:\users\kym2-04\documents\visual studio 2017\projects\basic\chapter09\c9quiz.c(26): warning C4996: 'scanf': This function or variable may be unsafe. Consider using scanf_s instead. To disable deprecation, use _CRT_SECURE_NO_WARNINGS. See online help for details.
  c:\program files (x86)\windows kits\10\include\10.0.14393.0\ucrt\stdio.h(1269): note: 'scanf' 선언을 참조하십시오.
c:\users\kym2-04\documents\visual studio 2017\projects\basic\chapter09\c9quiz.c(87): warning C4244: '함수': 'float'에서 'int'(으)로 변환하면서 데이터가 손실될 수 있습니다.
c:\users\kym2-04\documents\visual studio 2017\projects\basic\chapter09\c9quiz.c(91): warning C4244: '함수': 'float'에서 'int'(으)로 변환하면서 데이터가 손실될 수 있습니다.
c:\users\kym2-04\documents\visual studio 2017\projects\basic\chapter09\c9quiz.c(86): warning C4996: 'scanf': This function or variable may be unsafe. Consider using scanf_s instead. To disable deprecation, use _CRT_SECURE_NO_WARNINGS. See online help for details.
  c:\program files (x86)\windows kits\10\include\10.0.14393.0\ucrt\stdio.h(1269): note: 'scanf' 선언을 참조하십시오.
c:\users\kym2-04\documents\visual studio 2017\projects\basic\chapter09\c9quiz.c(90): warning C4996: 'scanf': This function or variable may be unsafe. Consider using scanf_s instead. To disable deprecation, use _CRT_SECURE_NO_WARNINGS. See online help for details.
  c:\program files (x86)\windows kits\10\include\10.0.14393.0\ucrt\stdio.h(1269): note: 'scanf' 선언을 참조하십시오.
c:\users\kym2-04\documents\visual studio 2017\projects\basic\chapter09\c9quiz.c(100): warning C4244: '=': 'double'에서 'int'(으)로 변환하면서 데이터가 손실될 수 있습니다.
c:\users\kym2-04\documents\visual studio 2017\projects\basic\chapter09\c9quiz.c(101): warning C4244: 'return': 'int'에서 'float'(으)로 변환하면서 데이터가 손실될 수 있습니다.
c:\users\kym2-04\documents\visual studio 2017\projects\basic\chapter09\c9quiz.c(106): warning C4244: '=': 'double'에서 'int'(으)로 변환하면서 데이터가 손실될 수 있습니다.
c:\users\kym2-04\documents\visual studio 2017\projects\basic\chapter09\c9quiz.c(107): warning C4244: 'return': 'int'에서 'float'(으)로 변환하면서 데이터가 손실될 수 있습니다.
  ASCII.c
  13_Factorial.c
  12_RecursiveFunc.c
  11_StaticLocalVariable.c
  10_LocalValHideGlobalV.c
  09_GlobalVariable.c
  08_LocalVariable.c
  07_AnotherLocalVal.c
  06_LocalVariable.c
  05_AbsoCampare.c
c:\users\kym2-04\documents\visual studio 2017\projects\basic\chapter09\05_absocampare.c(10): warning C4996: 'scanf': This function or variable may be unsafe. Consider using scanf_s instead. To disable deprecation, use _CRT_SECURE_NO_WARNINGS. See online help for details.
  c:\program files (x86)\windows kits\10\include\10.0.14393.0\ucrt\stdio.h(1269): note: 'scanf' 선언을 참조하십시오.
  04_NumCampare.c
  03_SmartAddFunc.c
c:\users\kym2-04\documents\visual studio 2017\projects\basic\chapter09\03_smartaddfunc.c(16): warning C4996: 'scanf': This function or variable may be unsafe. Consider using scanf_s instead. To disable deprecation, use _CRT_SECURE_NO_WARNINGS. See online help for details.
  c:\program files (x86)\windows kits\10\include\10.0.14393.0\ucrt\stdio.h(1269): note: 'scanf' 선언을 참조하십시오.
  02_SimpleAddFunc.c
  01_PrintOutPut.c
  코드를 생성하고 있습니다...
c:\users\kym2-04\documents\visual studio 2017\projects\basic\chapter09\c9quiz.c(51): warning C4715: 'Compare1': 모든 제어 경로에서 값을 반환하지는 않습니다.
c:\users\kym2-04\documents\visual studio 2017\projects\basic\chapter09\c9quiz.c(70): warning C4715: 'Compare2': 모든 제어 경로에서 값을 반환하지는 않습니다.
MSVCRTD.lib(exe_main.obj) : error LNK2019: _main 외부 기호(참조 위치: "int __cdecl invoke_main(void)" (?invoke_main@@YAHXZ) 함수)에서 확인하지 못했습니다.
C:\Users\KYM2-04\Documents\Visual Studio 2017\Projects\Basic\Debug\Chapter09.exe : fatal error LNK1120: 1개의 확인할 수 없는 외부 참조입니다.
